# JRE version: OpenJDK Runtime Environment (8.0_112-b06) (build 1.8.0_112-release-b06)
# Java VM: OpenJDK 64-Bit Server VM (25.112-b06 mixed mode linux-amd64 compressed oops)
Heap:
 PSYoungGen      total 321024K, used 0K [0x00000000e0000000, 0x00000000f8980000, 0x0000000100000000)
  eden space 271360K, 0% used [0x00000000e0000000,0x00000000e0000000,0x00000000f0900000)
  from space 49664K, 0% used [0x00000000f4180000,0x00000000f4180000,0x00000000f7200000)
  to   space 57856K, 0% used [0x00000000f0900000,0x00000000f0900000,0x00000000f4180000)
 ParOldGen       total 109568K, used 84679K [0x00000000a0000000, 0x00000000a6b00000, 0x00000000e0000000)
  object space 109568K, 77% used [0x00000000a0000000,0x00000000a52b1f70,0x00000000a6b00000)
 Metaspace       used 76338K, capacity 82970K, committed 85400K, reserved 1124352K
  class space    used 9556K, capacity 10382K, committed 10928K, reserved 1048576K
GC Heap History (10 events):
Event: 13498,334 GC heap after
Heap after GC invocations=75 (full 3):
 PSYoungGen      total 279552K, used 16853K [0x00000000e0000000, 0x00000000f4a00000, 0x0000000100000000)
  eden space 245760K, 0% used [0x00000000e0000000,0x00000000e0000000,0x00000000ef000000)
  from space 33792K, 49% used [0x00000000f2900000,0x00000000f3975440,0x00000000f4a00000)
  to   space 46080K, 0% used [0x00000000ef000000,0x00000000ef000000,0x00000000f1d00000)
 ParOldGen       total 109568K, used 100443K [0x00000000a0000000, 0x00000000a6b00000, 0x00000000e0000000)
  object space 109568K, 91% used [0x00000000a0000000,0x00000000a6216c80,0x00000000a6b00000)
 Metaspace       used 77763K, capacity 85198K, committed 85400K, reserved 1124352K
  class space    used 9850K, capacity 10842K, committed 10928K, reserved 1048576K
}
Event: 13499,528 GC heap before
{Heap before GC invocations=76 (full 3):
 PSYoungGen      total 279552K, used 262613K [0x00000000e0000000, 0x00000000f4a00000, 0x0000000100000000)
  eden space 245760K, 100% used [0x00000000e0000000,0x00000000ef000000,0x00000000ef000000)
  from space 33792K, 49% used [0x00000000f2900000,0x00000000f3975440,0x00000000f4a00000)
  to   space 46080K, 0% used [0x00000000ef000000,0x00000000ef000000,0x00000000f1d00000)
 ParOldGen       total 109568K, used 100443K [0x00000000a0000000, 0x00000000a6b00000, 0x00000000e0000000)
  object space 109568K, 91% used [0x00000000a0000000,0x00000000a6216c80,0x00000000a6b00000)
 Metaspace       used 77764K, capacity 85198K, committed 85400K, reserved 1124352K
  class space    used 9850K, capacity 10842K, committed 10928K, reserved 1048576K
Event: 13499,567 GC heap after
Heap after GC invocations=76 (full 3):
 PSYoungGen      total 291840K, used 43247K [0x00000000e0000000, 0x00000000f6700000, 0x0000000100000000)
  eden space 245760K, 0% used [0x00000000e0000000,0x00000000e0000000,0x00000000ef000000)
  from space 46080K, 93% used [0x00000000ef000000,0x00000000f1a3bfe0,0x00000000f1d00000)
  to   space 51712K, 0% used [0x00000000f3480000,0x00000000f3480000,0x00000000f6700000)
 ParOldGen       total 109568K, used 100459K [0x00000000a0000000, 0x00000000a6b00000, 0x00000000e0000000)
  object space 109568K, 91% used [0x00000000a0000000,0x00000000a621ac80,0x00000000a6b00000)
 Metaspace       used 77764K, capacity 85198K, committed 85400K, reserved 1124352K
  class space    used 9850K, capacity 10842K, committed 10928K, reserved 1048576K
}
Event: 13502,150 GC heap before
{Heap before GC invocations=77 (full 3):
 PSYoungGen      total 291840K, used 286614K [0x00000000e0000000, 0x00000000f6700000, 0x0000000100000000)
  eden space 245760K, 99% used [0x00000000e0000000,0x00000000eeda99d0,0x00000000ef000000)
  from space 46080K, 93% used [0x00000000ef000000,0x00000000f1a3bfe0,0x00000000f1d00000)
  to   space 51712K, 0% used [0x00000000f3480000,0x00000000f3480000,0x00000000f6700000)
 ParOldGen       total 109568K, used 100459K [0x00000000a0000000, 0x00000000a6b00000, 0x00000000e0000000)
  object space 109568K, 91% used [0x00000000a0000000,0x00000000a621ac80,0x00000000a6b00000)
 Metaspace       used 77768K, capacity 85198K, committed 85400K, reserved 1124352K
  class space    used 9850K, capacity 10842K, committed 10928K, reserved 1048576K
Event: 13502,184 GC heap after
Heap after GC invocations=77 (full 3):
 PSYoungGen      total 315392K, used 32480K [0x00000000e0000000, 0x00000000f6780000, 0x0000000100000000)
  eden space 263680K, 0% used [0x00000000e0000000,0x00000000e0000000,0x00000000f0180000)
  from space 51712K, 62% used [0x00000000f3480000,0x00000000f5438310,0x00000000f6700000)
  to   space 52224K, 0% used [0x00000000f0180000,0x00000000f0180000,0x00000000f3480000)
 ParOldGen       total 109568K, used 100475K [0x00000000a0000000, 0x00000000a6b00000, 0x00000000e0000000)
  object space 109568K, 91% used [0x00000000a0000000,0x00000000a621ec80,0x00000000a6b00000)
 Metaspace       used 77768K, capacity 85198K, committed 85400K, reserved 1124352K
  class space    used 9850K, capacity 10842K, committed 10928K, reserved 1048576K
}
Event: 14067,273 GC heap before
{Heap before GC invocations=78 (full 3):
 PSYoungGen      total 315392K, used 296160K [0x00000000e0000000, 0x00000000f6780000, 0x0000000100000000)
  eden space 263680K, 100% used [0x00000000e0000000,0x00000000f0180000,0x00000000f0180000)
  from space 51712K, 62% used [0x00000000f3480000,0x00000000f5438310,0x00000000f6700000)
  to   space 52224K, 0% used [0x00000000f0180000,0x00000000f0180000,0x00000000f3480000)
 ParOldGen       total 109568K, used 100475K [0x00000000a0000000, 0x00000000a6b00000, 0x00000000e0000000)
  object space 109568K, 91% used [0x00000000a0000000,0x00000000a621ec80,0x00000000a6b00000)
 Metaspace       used 77823K, capacity 85286K, committed 85400K, reserved 1124352K
  class space    used 9858K, capacity 10850K, committed 10928K, reserved 1048576K
Event: 14067,401 GC heap after
Heap after GC invocations=78 (full 3):
 PSYoungGen      total 315904K, used 22527K [0x00000000e0000000, 0x00000000f7200000, 0x0000000100000000)
  eden space 263680K, 0% used [0x00000000e0000000,0x00000000e0000000,0x00000000f0180000)
  from space 52224K, 43% used [0x00000000f0180000,0x00000000f177fdc8,0x00000000f3480000)
  to   space 49664K, 0% used [0x00000000f4180000,0x00000000f4180000,0x00000000f7200000)
 ParOldGen       total 109568K, used 100547K [0x00000000a0000000, 0x00000000a6b00000, 0x00000000e0000000)
  object space 109568K, 91% used [0x00000000a0000000,0x00000000a6230c80,0x00000000a6b00000)
 Metaspace       used 77823K, capacity 85286K, committed 85400K, reserved 1124352K
  class space    used 9858K, capacity 10850K, committed 10928K, reserved 1048576K
}
Event: 14068,806 GC heap before
{Heap before GC invocations=79 (full 3):
 PSYoungGen      total 315904K, used 286207K [0x00000000e0000000, 0x00000000f7200000, 0x0000000100000000)
  eden space 263680K, 100% used [0x00000000e0000000,0x00000000f0180000,0x00000000f0180000)
  from space 52224K, 43% used [0x00000000f0180000,0x00000000f177fdc8,0x00000000f3480000)
  to   space 49664K, 0% used [0x00000000f4180000,0x00000000f4180000,0x00000000f7200000)
 ParOldGen       total 109568K, used 100547K [0x00000000a0000000, 0x00000000a6b00000, 0x00000000e0000000)
  object space 109568K, 91% used [0x00000000a0000000,0x00000000a6230c80,0x00000000a6b00000)
 Metaspace       used 77823K, capacity 85286K, committed 85400K, reserved 1124352K
  class space    used 9858K, capacity 10850K, committed 10928K, reserved 1048576K
Event: 14068,871 GC heap after
Heap after GC invocations=79 (full 3):
 PSYoungGen      total 321024K, used 49644K [0x00000000e0000000, 0x00000000f8980000, 0x0000000100000000)
  eden space 271360K, 0% used [0x00000000e0000000,0x00000000e0000000,0x00000000f0900000)
  from space 49664K, 99% used [0x00000000f4180000,0x00000000f71fb310,0x00000000f7200000)
  to   space 57856K, 0% used [0x00000000f0900000,0x00000000f0900000,0x00000000f4180000)
 ParOldGen       total 109568K, used 103816K [0x00000000a0000000, 0x00000000a6b00000, 0x00000000e0000000)
  object space 109568K, 94% used [0x00000000a0000000,0x00000000a6562250,0x00000000a6b00000)
 Metaspace       used 77823K, capacity 85286K, committed 85400K, reserved 1124352K
  class space    used 9858K, capacity 10850K, committed 10928K, reserved 1048576K
}
Event: 14068,871 GC heap before
{Heap before GC invocations=80 (full 4):
 PSYoungGen      total 321024K, used 49644K [0x00000000e0000000, 0x00000000f8980000, 0x0000000100000000)
  eden space 271360K, 0% used [0x00000000e0000000,0x00000000e0000000,0x00000000f0900000)
  from space 49664K, 99% used [0x00000000f4180000,0x00000000f71fb310,0x00000000f7200000)
  to   space 57856K, 0% used [0x00000000f0900000,0x00000000f0900000,0x00000000f4180000)
 ParOldGen       total 109568K, used 103816K [0x00000000a0000000, 0x00000000a6b00000, 0x00000000e0000000)
  object space 109568K, 94% used [0x00000000a0000000,0x00000000a6562250,0x00000000a6b00000)
 Metaspace       used 77823K, capacity 85286K, committed 85400K, reserved 1124352K
  class space    used 9858K, capacity 10850K, committed 10928K, reserved 1048576K

