# JRE version: OpenJDK Runtime Environment (8.0_112-b06) (build 1.8.0_112-release-b06)
# Java VM: OpenJDK 64-Bit Server VM (25.112-b06 mixed mode linux-amd64 compressed oops)
Heap:
 PSYoungGen      total 77824K, used 6133K [0x00000000e0000000, 0x00000000e5200000, 0x0000000100000000)
  eden space 71680K, 0% used [0x00000000e0000000,0x00000000e0000000,0x00000000e4600000)
  from space 6144K, 99% used [0x00000000e4600000,0x00000000e4bfd620,0x00000000e4c00000)
  to   space 5632K, 0% used [0x00000000e4c80000,0x00000000e4c80000,0x00000000e5200000)
 ParOldGen       total 27136K, used 12560K [0x00000000a0000000, 0x00000000a1a80000, 0x00000000e0000000)
  object space 27136K, 46% used [0x00000000a0000000,0x00000000a0c44218,0x00000000a1a80000)
 Metaspace       used 34679K, capacity 35314K, committed 35496K, reserved 1079296K
  class space    used 4639K, capacity 4821K, committed 4912K, reserved 1048576K
GC Heap History (10 events):
Event: 15,062 GC heap after
Heap after GC invocations=9 (full 0):
 PSYoungGen      total 36864K, used 2966K [0x00000000e0000000, 0x00000000e3c00000, 0x0000000100000000)
  eden space 30720K, 0% used [0x00000000e0000000,0x00000000e0000000,0x00000000e1e00000)
  from space 6144K, 48% used [0x00000000e1e00000,0x00000000e20e58d0,0x00000000e2400000)
  to   space 6144K, 0% used [0x00000000e3600000,0x00000000e3600000,0x00000000e3c00000)
 ParOldGen       total 40960K, used 8105K [0x00000000a0000000, 0x00000000a2800000, 0x00000000e0000000)
  object space 40960K, 19% used [0x00000000a0000000,0x00000000a07ea500,0x00000000a2800000)
 Metaspace       used 20862K, capacity 21176K, committed 21296K, reserved 1067008K
  class space    used 2740K, capacity 2842K, committed 2864K, reserved 1048576K
}
Event: 15,062 GC heap before
{Heap before GC invocations=10 (full 1):
 PSYoungGen      total 36864K, used 2966K [0x00000000e0000000, 0x00000000e3c00000, 0x0000000100000000)
  eden space 30720K, 0% used [0x00000000e0000000,0x00000000e0000000,0x00000000e1e00000)
  from space 6144K, 48% used [0x00000000e1e00000,0x00000000e20e58d0,0x00000000e2400000)
  to   space 6144K, 0% used [0x00000000e3600000,0x00000000e3600000,0x00000000e3c00000)
 ParOldGen       total 40960K, used 8105K [0x00000000a0000000, 0x00000000a2800000, 0x00000000e0000000)
  object space 40960K, 19% used [0x00000000a0000000,0x00000000a07ea500,0x00000000a2800000)
 Metaspace       used 20862K, capacity 21176K, committed 21296K, reserved 1067008K
  class space    used 2740K, capacity 2842K, committed 2864K, reserved 1048576K
Event: 15,178 GC heap after
Heap after GC invocations=10 (full 1):
 PSYoungGen      total 36864K, used 0K [0x00000000e0000000, 0x00000000e3c00000, 0x0000000100000000)
  eden space 30720K, 0% used [0x00000000e0000000,0x00000000e0000000,0x00000000e1e00000)
  from space 6144K, 0% used [0x00000000e1e00000,0x00000000e1e00000,0x00000000e2400000)
  to   space 6144K, 0% used [0x00000000e3600000,0x00000000e3600000,0x00000000e3c00000)
 ParOldGen       total 27136K, used 7749K [0x00000000a0000000, 0x00000000a1a80000, 0x00000000e0000000)
  object space 27136K, 28% used [0x00000000a0000000,0x00000000a07916e0,0x00000000a1a80000)
 Metaspace       used 20862K, capacity 21176K, committed 21296K, reserved 1067008K
  class space    used 2740K, capacity 2842K, committed 2864K, reserved 1048576K
}
Event: 17,182 GC heap before
{Heap before GC invocations=11 (full 1):
 PSYoungGen      total 36864K, used 30720K [0x00000000e0000000, 0x00000000e3c00000, 0x0000000100000000)
  eden space 30720K, 100% used [0x00000000e0000000,0x00000000e1e00000,0x00000000e1e00000)
  from space 6144K, 0% used [0x00000000e1e00000,0x00000000e1e00000,0x00000000e2400000)
  to   space 6144K, 0% used [0x00000000e3600000,0x00000000e3600000,0x00000000e3c00000)
 ParOldGen       total 27136K, used 7749K [0x00000000a0000000, 0x00000000a1a80000, 0x00000000e0000000)
  object space 27136K, 28% used [0x00000000a0000000,0x00000000a07916e0,0x00000000a1a80000)
 Metaspace       used 23617K, capacity 24062K, committed 24368K, reserved 1071104K
  class space    used 3189K, capacity 3308K, committed 3376K, reserved 1048576K
Event: 17,198 GC heap after
Heap after GC invocations=11 (full 1):
 PSYoungGen      total 51712K, used 4309K [0x00000000e0000000, 0x00000000e3a80000, 0x0000000100000000)
  eden space 47104K, 0% used [0x00000000e0000000,0x00000000e0000000,0x00000000e2e00000)
  from space 4608K, 93% used [0x00000000e3600000,0x00000000e3a357c0,0x00000000e3a80000)
  to   space 6144K, 0% used [0x00000000e2e80000,0x00000000e2e80000,0x00000000e3480000)
 ParOldGen       total 27136K, used 7757K [0x00000000a0000000, 0x00000000a1a80000, 0x00000000e0000000)
  object space 27136K, 28% used [0x00000000a0000000,0x00000000a07936e0,0x00000000a1a80000)
 Metaspace       used 23617K, capacity 24062K, committed 24368K, reserved 1071104K
  class space    used 3189K, capacity 3308K, committed 3376K, reserved 1048576K
}
Event: 19,796 GC heap before
{Heap before GC invocations=12 (full 1):
 PSYoungGen      total 51712K, used 51413K [0x00000000e0000000, 0x00000000e3a80000, 0x0000000100000000)
  eden space 47104K, 100% used [0x00000000e0000000,0x00000000e2e00000,0x00000000e2e00000)
  from space 4608K, 93% used [0x00000000e3600000,0x00000000e3a357c0,0x00000000e3a80000)
  to   space 6144K, 0% used [0x00000000e2e80000,0x00000000e2e80000,0x00000000e3480000)
 ParOldGen       total 27136K, used 7757K [0x00000000a0000000, 0x00000000a1a80000, 0x00000000e0000000)
  object space 27136K, 28% used [0x00000000a0000000,0x00000000a07936e0,0x00000000a1a80000)
 Metaspace       used 27856K, capacity 28276K, committed 28592K, reserved 1073152K
  class space    used 3837K, capacity 3963K, committed 4016K, reserved 1048576K
Event: 19,813 GC heap after
Heap after GC invocations=12 (full 1):
 PSYoungGen      total 53760K, used 4298K [0x00000000e0000000, 0x00000000e5280000, 0x0000000100000000)
  eden space 47616K, 0% used [0x00000000e0000000,0x00000000e0000000,0x00000000e2e80000)
  from space 6144K, 69% used [0x00000000e2e80000,0x00000000e32b2a80,0x00000000e3480000)
  to   space 6144K, 0% used [0x00000000e4c80000,0x00000000e4c80000,0x00000000e5280000)
 ParOldGen       total 27136K, used 9374K [0x00000000a0000000, 0x00000000a1a80000, 0x00000000e0000000)
  object space 27136K, 34% used [0x00000000a0000000,0x00000000a09279f0,0x00000000a1a80000)
 Metaspace       used 27856K, capacity 28276K, committed 28592K, reserved 1073152K
  class space    used 3837K, capacity 3963K, committed 4016K, reserved 1048576K
}
Event: 30,675 GC heap before
{Heap before GC invocations=13 (full 1):
 PSYoungGen      total 53760K, used 51914K [0x00000000e0000000, 0x00000000e5280000, 0x0000000100000000)
  eden space 47616K, 100% used [0x00000000e0000000,0x00000000e2e80000,0x00000000e2e80000)
  from space 6144K, 69% used [0x00000000e2e80000,0x00000000e32b2a80,0x00000000e3480000)
  to   space 6144K, 0% used [0x00000000e4c80000,0x00000000e4c80000,0x00000000e5280000)
 ParOldGen       total 27136K, used 9374K [0x00000000a0000000, 0x00000000a1a80000, 0x00000000e0000000)
  object space 27136K, 34% used [0x00000000a0000000,0x00000000a09279f0,0x00000000a1a80000)
 Metaspace       used 29086K, capacity 29624K, committed 29744K, reserved 1075200K
  class space    used 3947K, capacity 4095K, committed 4144K, reserved 1048576K
Event: 30,705 GC heap after
Heap after GC invocations=13 (full 1):
 PSYoungGen      total 77312K, used 1713K [0x00000000e0000000, 0x00000000e5200000, 0x0000000100000000)
  eden space 71680K, 0% used [0x00000000e0000000,0x00000000e0000000,0x00000000e4600000)
  from space 5632K, 30% used [0x00000000e4c80000,0x00000000e4e2c7d0,0x00000000e5200000)
  to   space 6144K, 0% used [0x00000000e4600000,0x00000000e4600000,0x00000000e4c00000)
 ParOldGen       total 27136K, used 10719K [0x00000000a0000000, 0x00000000a1a80000, 0x00000000e0000000)
  object space 27136K, 39% used [0x00000000a0000000,0x00000000a0a77e30,0x00000000a1a80000)
 Metaspace       used 29086K, capacity 29624K, committed 29744K, reserved 1075200K
  class space    used 3947K, capacity 4095K, committed 4144K, reserved 1048576K
}
Event: 140,791 GC heap before
{Heap before GC invocations=14 (full 1):
 PSYoungGen      total 77312K, used 73393K [0x00000000e0000000, 0x00000000e5200000, 0x0000000100000000)
  eden space 71680K, 100% used [0x00000000e0000000,0x00000000e4600000,0x00000000e4600000)
  from space 5632K, 30% used [0x00000000e4c80000,0x00000000e4e2c7d0,0x00000000e5200000)
  to   space 6144K, 0% used [0x00000000e4600000,0x00000000e4600000,0x00000000e4c00000)
 ParOldGen       total 27136K, used 10719K [0x00000000a0000000, 0x00000000a1a80000, 0x00000000e0000000)
  object space 27136K, 39% used [0x00000000a0000000,0x00000000a0a77e30,0x00000000a1a80000)
 Metaspace       used 34679K, capacity 35314K, committed 35496K, reserved 1079296K
  class space    used 4639K, capacity 4821K, committed 4912K, reserved 1048576K

